CCS PCH C Compiler, Version 5.025, 56118               09-oct.-21 22:36

               Filename:   D:\Arquitectura Computacional\Proyecto Final\Cerradura Digital\cerraduraDigital.lst

               ROM used:   1280 bytes (4%)
                           Largest free fragment is 31488
               RAM used:   26 (1%) at main() level
                           36 (2%) worst case
               Stack used: 5 locations
               Stack size: 31

*
0000:  GOTO   0324
.................... #include<18f4550.h> //pic 
.................... //////////// Standard Header file for the PIC18F4550 device //////////////// 
.................... /////////////////////////////////////////////////////////////////////////// 
.................... ////        (C) Copyright 1996, 2013 Custom Computer Services          //// 
.................... //// This source code may only be used by licensed users of the CCS C  //// 
.................... //// compiler.  This source code may only be distributed to other      //// 
.................... //// licensed users of the CCS C compiler.  No other use, reproduction //// 
.................... //// or distribution is permitted without written permission.          //// 
.................... //// Derivative programs created using this software in object code    //// 
.................... //// form are not restricted in any way.                               //// 
.................... /////////////////////////////////////////////////////////////////////////// 
.................... #device PIC18F4550 
0004:  CLRF   FF7
0006:  ADDLW  14
0008:  MOVWF  FF6
000A:  MOVLW  00
000C:  ADDWFC FF7,F
000E:  TBLRD*+
0010:  MOVF   FF5,W
0012:  RETURN 0
0014:  DATA 31,32
0016:  DATA 33,41
0018:  DATA 34,35
001A:  DATA 36,42
001C:  DATA 37,38
001E:  DATA 39,43
0020:  DATA 2A,30
0022:  DATA 23,44
0024:  CLRF   FF7
0026:  ADDLW  34
0028:  MOVWF  FF6
002A:  MOVLW  00
002C:  ADDWFC FF7,F
002E:  TBLRD*+
0030:  MOVF   FF5,W
0032:  RETURN 0
0034:  DATA 30,30
0036:  DATA 30,30
0038:  DATA 30,00
003A:  DATA 49,4E
003C:  DATA 47,52
003E:  DATA 45,53
0040:  DATA 45,20
0042:  DATA 4C,41
0044:  DATA 20,43
0046:  DATA 4C,41
0048:  DATA 56,45
004A:  DATA 3A,20
004C:  DATA 00,00
004E:  DATA 43,6C
0050:  DATA 41,56
0052:  DATA 45,20
0054:  DATA 43,4F
0056:  DATA 52,52
0058:  DATA 45,43
005A:  DATA 54,41
005C:  DATA 00,00
005E:  DATA 43,6C
0060:  DATA 41,56
0062:  DATA 45,20
0064:  DATA 49,4E
0066:  DATA 43,4F
0068:  DATA 52,52
006A:  DATA 45,43
006C:  DATA 54,41
006E:  DATA 00,00
0070:  DATA 0C,53
0072:  DATA 49,53
0074:  DATA 54,45
0076:  DATA 4D,41
0078:  DATA 20,42
007A:  DATA 4C,4F
007C:  DATA 51,55
007E:  DATA 45,41
0080:  DATA 44,4F
0082:  DATA 00,00
*
026C:  ADDWF  FE8,W
026E:  CLRF   FF7
0270:  RLCF   FF7,F
0272:  ADDLW  87
0274:  MOVWF  FF6
0276:  MOVLW  02
0278:  ADDWFC FF7,F
027A:  TBLRD*-
027C:  MOVF   FF5,W
027E:  MOVWF  FFA
0280:  TBLRD*
0282:  MOVF   FF5,W
0284:  MOVWF  FF9
0286:  DATA CE,01
0288:  DATA D6,01
028A:  DATA DE,01
028C:  DATA E6,01
*
0304:  TBLRD*+
0306:  MOVF   FF5,F
0308:  BZ    0322
030A:  MOVFF  FF6,18
030E:  MOVFF  FF7,19
0312:  MOVFF  FF5,1A
0316:  RCALL  02B0
0318:  MOVFF  18,FF6
031C:  MOVFF  19,FF7
0320:  BRA    0304
0322:  RETURN 0
....................  
.................... #list 
....................  
.................... #use delay(clock=400000) //reloj interno del pic  
*
0084:  CLRF   FEA
0086:  MOVLW  1D
0088:  MOVWF  FE9
008A:  MOVF   FEF,W
008C:  BZ    009A
008E:  MOVLW  20
0090:  MOVWF  00
0092:  DECFSZ 00,F
0094:  BRA    0092
0096:  DECFSZ FEF,F
0098:  BRA    008E
009A:  RETURN 0
.................... #fuses hs, nowdt //fusibles  
.................... #include <lcd.c> //directivas  
.................... /////////////////////////////////////////////////////////////////////////////// 
.................... ////                             LCD.C                                     //// 
.................... ////                 Driver for common LCD modules                         //// 
.................... ////                                                                       //// 
.................... ////  lcd_init()   Must be called before any other function.               //// 
.................... ////                                                                       //// 
.................... ////  lcd_putc(c)  Will display c on the next position of the LCD.         //// 
.................... ////                 \a  Set cursor position to upper left                 //// 
.................... ////                 \f  Clear display, set cursor to upper left           //// 
.................... ////                 \n  Go to start of second line                        //// 
.................... ////                 \b  Move back one position                            //// 
.................... ////              If LCD_EXTENDED_NEWLINE is defined, the \n character     //// 
.................... ////              will erase all remanining characters on the current      //// 
.................... ////              line, and move the cursor to the beginning of the next   //// 
.................... ////              line.                                                    //// 
.................... ////              If LCD_EXTENDED_NEWLINE is defined, the \r character     //// 
.................... ////              will move the cursor to the start of the current         //// 
.................... ////              line.                                                    //// 
.................... ////                                                                       //// 
.................... ////  lcd_gotoxy(x,y) Set write position on LCD (upper left is 1,1)        //// 
.................... ////                                                                       //// 
.................... ////  lcd_getc(x,y)   Returns character at position x,y on LCD             //// 
.................... ////                                                                       //// 
.................... ////  lcd_cursor_on(int1 on)   Turn the cursor on (on=TRUE) or off         //// 
.................... ////              (on=FALSE).                                              //// 
.................... ////                                                                       //// 
.................... ////  lcd_set_cgram_char(w, *p)   Write a custom character to the CGRAM.   //// 
.................... ////                                                                       //// 
.................... ////                                                                       //// 
.................... ////  CONFIGURATION                                                        //// 
.................... ////  The LCD can be configured in one of two ways: a.) port access or     //// 
.................... ////  b.) pin access.  Port access requires the entire 7 bit interface     //// 
.................... ////  connected to one GPIO port, and the data bits (D4:D7 of the LCD)     //// 
.................... ////  connected to sequential pins on the GPIO.  Pin access                //// 
.................... ////  has no requirements, all 7 bits of the control interface can         //// 
.................... ////  can be connected to any GPIO using several ports.                    //// 
.................... ////                                                                       //// 
.................... ////  To use port access, #define LCD_DATA_PORT to the SFR location of     //// 
.................... ////  of the GPIO port that holds the interface, -AND- edit LCD_PIN_MAP    //// 
.................... ////  of this file to configure the pin order.  If you are using a         //// 
.................... ////  baseline PIC (PCB), then LCD_OUTPUT_MAP and LCD_INPUT_MAP also must  //// 
.................... ////  be defined.                                                          //// 
.................... ////                                                                       //// 
.................... ////  Example of port access:                                              //// 
.................... ////     #define LCD_DATA_PORT getenv("SFR:PORTD")                         //// 
.................... ////                                                                       //// 
.................... ////  To use pin access, the following pins must be defined:               //// 
.................... ////     LCD_ENABLE_PIN                                                    //// 
.................... ////     LCD_RS_PIN                                                        //// 
.................... ////     LCD_RW_PIN                                                        //// 
.................... ////     LCD_DATA4                                                         //// 
.................... ////     LCD_DATA5                                                         //// 
.................... ////     LCD_DATA6                                                         //// 
.................... ////     LCD_DATA7                                                         //// 
.................... ////                                                                       //// 
.................... ////  Example of pin access:                                               //// 
.................... ////     #define LCD_ENABLE_PIN  PIN_E0                                    //// 
.................... ////     #define LCD_RS_PIN      PIN_E1                                    //// 
.................... ////     #define LCD_RW_PIN      PIN_E2                                    //// 
.................... ////     #define LCD_DATA4       PIN_D4                                    //// 
.................... ////     #define LCD_DATA5       PIN_D5                                    //// 
.................... ////     #define LCD_DATA6       PIN_D6                                    //// 
.................... ////     #define LCD_DATA7       PIN_D7                                    //// 
.................... ////                                                                       //// 
.................... /////////////////////////////////////////////////////////////////////////////// 
.................... ////        (C) Copyright 1996,2010 Custom Computer Services           //// 
.................... //// This source code may only be used by licensed users of the CCS C  //// 
.................... //// compiler.  This source code may only be distributed to other      //// 
.................... //// licensed users of the CCS C compiler.  No other use, reproduction //// 
.................... //// or distribution is permitted without written permission.          //// 
.................... //// Derivative programs created using this software in object code    //// 
.................... //// form are not restricted in any way.                               //// 
.................... /////////////////////////////////////////////////////////////////////////// 
....................  
.................... #ifndef __LCD_C__ 
.................... #define __LCD_C__ 
....................  
.................... // define the pinout. 
.................... // only required if port access is being used. 
.................... typedef struct   
.................... {                            // This structure is overlayed 
....................    int1 enable;           // on to an I/O port to gain 
....................    int1 rs;               // access to the LCD pins. 
....................    int1 rw;               // The bits are allocated from 
....................    int1 unused;           // low order up.  ENABLE will 
....................    unsigned int     data : 4;         // be LSB pin of that port. 
....................   #if defined(__PCD__)       // The port used will be LCD_DATA_PORT. 
....................    unsigned int    reserved: 8; 
....................   #endif 
.................... } LCD_PIN_MAP; 
....................  
.................... // this is to improve compatability with previous LCD drivers that accepted 
.................... // a define labeled 'use_portb_lcd' that configured the LCD onto port B. 
.................... #if ((defined(use_portb_lcd)) && (use_portb_lcd==TRUE)) 
....................  #define LCD_DATA_PORT getenv("SFR:PORTB") 
.................... #endif 
....................  
.................... #if defined(__PCB__) 
....................    // these definitions only need to be modified for baseline PICs. 
....................    // all other PICs use LCD_PIN_MAP or individual LCD_xxx pin definitions. 
.................... /*                                    EN, RS,   RW,   UNUSED,  DATA  */ 
....................  const LCD_PIN_MAP LCD_OUTPUT_MAP =  {0,  0,    0,    0,       0}; 
....................  const LCD_PIN_MAP LCD_INPUT_MAP =   {0,  0,    0,    0,       0xF}; 
.................... #endif 
....................  
.................... ////////////////////// END CONFIGURATION /////////////////////////////////// 
....................  
.................... #ifndef LCD_ENABLE_PIN 
....................    #define lcd_output_enable(x) lcdlat.enable=x 
....................    #define lcd_enable_tris()   lcdtris.enable=0 
.................... #else 
....................    #define lcd_output_enable(x) output_bit(LCD_ENABLE_PIN, x) 
....................    #define lcd_enable_tris()  output_drive(LCD_ENABLE_PIN) 
.................... #endif 
....................  
.................... #ifndef LCD_RS_PIN 
....................    #define lcd_output_rs(x) lcdlat.rs=x 
....................    #define lcd_rs_tris()   lcdtris.rs=0 
.................... #else 
....................    #define lcd_output_rs(x) output_bit(LCD_RS_PIN, x) 
....................    #define lcd_rs_tris()  output_drive(LCD_RS_PIN) 
.................... #endif 
....................  
.................... #ifndef LCD_RW_PIN 
....................    #define lcd_output_rw(x) lcdlat.rw=x 
....................    #define lcd_rw_tris()   lcdtris.rw=0 
.................... #else 
....................    #define lcd_output_rw(x) output_bit(LCD_RW_PIN, x) 
....................    #define lcd_rw_tris()  output_drive(LCD_RW_PIN) 
.................... #endif 
....................  
.................... // original version of this library incorrectly labeled LCD_DATA0 as LCD_DATA4, 
.................... // LCD_DATA1 as LCD_DATA5, and so on.  this block of code makes the driver 
.................... // compatible with any code written for the original library 
.................... #if (defined(LCD_DATA0) && defined(LCD_DATA1) && defined(LCD_DATA2) && defined(LCD_DATA3) && !defined(LCD_DATA4) && !defined(LCD_DATA5) && !defined(LCD_DATA6) && !defined(LCD_DATA7)) 
....................    #define  LCD_DATA4    LCD_DATA0 
....................    #define  LCD_DATA5    LCD_DATA1 
....................    #define  LCD_DATA6    LCD_DATA2 
....................    #define  LCD_DATA7    LCD_DATA3 
.................... #endif 
....................  
.................... #ifndef LCD_DATA4 
.................... #ifndef LCD_DATA_PORT 
....................    #if defined(__PCB__) 
....................       #define LCD_DATA_PORT      0x06     //portb 
....................       #define set_tris_lcd(x)   set_tris_b(x) 
....................    #else 
....................      #if defined(PIN_D0) 
....................       #define LCD_DATA_PORT      getenv("SFR:PORTD")     //portd 
....................      #else 
....................       #define LCD_DATA_PORT      getenv("SFR:PORTB")     //portb 
....................      #endif 
....................    #endif    
.................... #endif 
....................  
.................... #if defined(__PCB__) 
....................    LCD_PIN_MAP lcd, lcdlat; 
....................    #byte lcd = LCD_DATA_PORT 
....................    #byte lcdlat = LCD_DATA_PORT 
.................... #elif defined(__PCM__) 
....................    LCD_PIN_MAP lcd, lcdlat, lcdtris; 
....................    #byte lcd = LCD_DATA_PORT 
....................    #byte lcdlat = LCD_DATA_PORT 
....................    #byte lcdtris = LCD_DATA_PORT+0x80 
.................... #elif defined(__PCH__) 
....................    LCD_PIN_MAP lcd, lcdlat, lcdtris; 
....................    #byte lcd = LCD_DATA_PORT 
....................    #byte lcdlat = LCD_DATA_PORT+9 
....................    #byte lcdtris = LCD_DATA_PORT+0x12 
.................... #elif defined(__PCD__) 
....................    LCD_PIN_MAP lcd, lcdlat, lcdtris; 
....................    #word lcd = LCD_DATA_PORT 
....................    #word lcdlat = LCD_DATA_PORT+2 
....................    #word lcdtris = LCD_DATA_PORT-0x02 
.................... #endif 
.................... #endif   //LCD_DATA4 not defined 
....................  
.................... #ifndef LCD_TYPE 
....................    #define LCD_TYPE 2           // 0=5x7, 1=5x10, 2=2 lines 
.................... #endif 
....................  
.................... #ifndef LCD_LINE_TWO 
....................    #define LCD_LINE_TWO 0x40    // LCD RAM address for the second line 
.................... #endif 
....................  
.................... #ifndef LCD_LINE_LENGTH 
....................    #define LCD_LINE_LENGTH 20 
.................... #endif 
....................  
.................... unsigned int8 lcd_read_nibble(void); 
....................  
.................... unsigned int8 lcd_read_byte(void) 
.................... { 
....................    unsigned int8 low,high; 
....................  
....................  #if defined(__PCB__) 
....................    set_tris_lcd(LCD_INPUT_MAP); 
....................  #else 
....................   #if (defined(LCD_DATA4) && defined(LCD_DATA5) && defined(LCD_DATA6) && defined(LCD_DATA7)) 
....................    output_float(LCD_DATA4); 
....................    output_float(LCD_DATA5); 
....................    output_float(LCD_DATA6); 
....................    output_float(LCD_DATA7); 
....................   #else 
....................    lcdtris.data = 0xF; 
*
00BE:  MOVLW  0F
00C0:  ANDWF  F95,W
00C2:  IORLW  F0
00C4:  MOVWF  F95
....................   #endif 
....................  #endif 
....................          
....................    lcd_output_rw(1); 
00C6:  BSF    F8C.2
....................    delay_cycles(1); 
00C8:  NOP   
....................    lcd_output_enable(1); 
00CA:  BSF    F8C.0
....................    delay_cycles(1); 
00CC:  NOP   
....................    high = lcd_read_nibble(); 
00CE:  RCALL  00B2
00D0:  MOVFF  01,22
....................        
....................    lcd_output_enable(0); 
00D4:  BCF    F8C.0
....................    delay_cycles(1); 
00D6:  NOP   
....................    lcd_output_enable(1); 
00D8:  BSF    F8C.0
....................    delay_us(1); 
....................    low = lcd_read_nibble(); 
00DA:  RCALL  00B2
00DC:  MOVFF  01,21
....................        
....................    lcd_output_enable(0); 
00E0:  BCF    F8C.0
....................  
....................  #if defined(__PCB__) 
....................    set_tris_lcd(LCD_OUTPUT_MAP); 
....................  #else 
....................   #if (defined(LCD_DATA4) && defined(LCD_DATA5) && defined(LCD_DATA6) && defined(LCD_DATA7)) 
....................    output_drive(LCD_DATA4); 
....................    output_drive(LCD_DATA5); 
....................    output_drive(LCD_DATA6); 
....................    output_drive(LCD_DATA7); 
....................   #else 
....................    lcdtris.data = 0x0; 
00E2:  MOVLW  0F
00E4:  ANDWF  F95,W
00E6:  MOVWF  F95
....................   #endif 
....................  #endif 
....................  
....................    return( (high<<4) | low); 
00E8:  SWAPF  22,W
00EA:  MOVWF  00
00EC:  MOVLW  F0
00EE:  ANDWF  00,F
00F0:  MOVF   00,W
00F2:  IORWF  21,W
00F4:  MOVWF  01
00F6:  GOTO   0104 (RETURN)
.................... } 
....................  
.................... unsigned int8 lcd_read_nibble(void) 
.................... { 
....................   #if (defined(LCD_DATA4) && defined(LCD_DATA5) && defined(LCD_DATA6) && defined(LCD_DATA7)) 
....................    unsigned int8 n = 0x00; 
....................  
....................    /* Read the data port */ 
....................    n |= input(LCD_DATA4); 
....................    n |= input(LCD_DATA5) << 1; 
....................    n |= input(LCD_DATA6) << 2; 
....................    n |= input(LCD_DATA7) << 3; 
....................     
....................    return(n); 
....................   #else 
....................    return(lcd.data); 
*
00B2:  MOVF   F83,W
00B4:  MOVWF  00
00B6:  SWAPF  00,W
00B8:  ANDLW  0F
00BA:  MOVWF  01
....................   #endif 
00BC:  RETURN 0
.................... } 
....................  
.................... void lcd_send_nibble(unsigned int8 n) 
.................... { 
....................   #if (defined(LCD_DATA4) && defined(LCD_DATA5) && defined(LCD_DATA6) && defined(LCD_DATA7)) 
....................    /* Write to the data port */ 
....................    output_bit(LCD_DATA4, bit_test(n, 0)); 
....................    output_bit(LCD_DATA5, bit_test(n, 1)); 
....................    output_bit(LCD_DATA6, bit_test(n, 2)); 
....................    output_bit(LCD_DATA7, bit_test(n, 3)); 
....................   #else       
....................    lcdlat.data = n; 
*
009C:  SWAPF  22,W
009E:  ANDLW  F0
00A0:  MOVWF  00
00A2:  MOVLW  0F
00A4:  ANDWF  F8C,W
00A6:  IORWF  00,W
00A8:  MOVWF  F8C
....................   #endif 
....................        
....................    delay_cycles(1); 
00AA:  NOP   
....................    lcd_output_enable(1); 
00AC:  BSF    F8C.0
....................    delay_us(2); 
....................    lcd_output_enable(0); 
00AE:  BCF    F8C.0
00B0:  RETURN 0
.................... } 
....................  
.................... void lcd_send_byte(unsigned int8 address, unsigned int8 n) 
.................... { 
....................   #if defined(__PCB__) 
....................    set_tris_lcd(LCD_OUTPUT_MAP); 
....................   #else 
....................    lcd_enable_tris(); 
*
00FA:  BCF    F95.0
....................    lcd_rs_tris(); 
00FC:  BCF    F95.1
....................    lcd_rw_tris(); 
00FE:  BCF    F95.2
....................   #endif 
....................  
....................    lcd_output_rs(0); 
0100:  BCF    F8C.1
....................    while ( bit_test(lcd_read_byte(),7) ) ; 
0102:  BRA    00BE
0104:  MOVFF  01,21
0108:  BTFSC  01.7
010A:  BRA    0102
....................    lcd_output_rs(address); 
010C:  BCF    F8C.1
010E:  BTFSC  1F.0
0110:  BSF    F8C.1
....................    delay_cycles(1); 
0112:  NOP   
....................    lcd_output_rw(0); 
0114:  BCF    F8C.2
....................    delay_cycles(1); 
0116:  NOP   
....................    lcd_output_enable(0); 
0118:  BCF    F8C.0
....................    lcd_send_nibble(n >> 4); 
011A:  SWAPF  20,W
011C:  MOVWF  21
011E:  MOVLW  0F
0120:  ANDWF  21,F
0122:  MOVFF  21,22
0126:  RCALL  009C
....................    lcd_send_nibble(n & 0xf); 
0128:  MOVF   20,W
012A:  ANDLW  0F
012C:  MOVWF  21
012E:  MOVWF  22
0130:  RCALL  009C
0132:  RETURN 0
.................... } 
....................  
.................... #if defined(LCD_EXTENDED_NEWLINE) 
.................... unsigned int8 g_LcdX, g_LcdY; 
.................... #endif 
....................  
.................... void lcd_init(void)  
.................... { 
....................    unsigned int8 i; 
....................    unsigned int8 LCD_INIT_STRING[4] = {0x20 | (LCD_TYPE << 2), 0xc, 1, 6}; 
0134:  MOVLW  28
0136:  MOVWF  19
0138:  MOVLW  0C
013A:  MOVWF  1A
013C:  MOVLW  01
013E:  MOVWF  1B
0140:  MOVLW  06
0142:  MOVWF  1C
....................                              // These bytes need to be sent to the LCD 
....................                              // to start it up. 
....................     
....................  
....................    lcd_output_enable(0); 
0144:  BCF    F8C.0
....................    lcd_output_rs(0); 
0146:  BCF    F8C.1
....................    lcd_output_rw(0); 
0148:  BCF    F8C.2
....................  
....................  #if defined(__PCB__) 
....................    set_tris_lcd(LCD_OUTPUT_MAP); 
....................  #else 
....................   #if (defined(LCD_DATA4) && defined(LCD_DATA5) && defined(LCD_DATA6) && defined(LCD_DATA7)) 
....................    output_drive(LCD_DATA4); 
....................    output_drive(LCD_DATA5); 
....................    output_drive(LCD_DATA6); 
....................    output_drive(LCD_DATA7); 
....................   #else 
....................    lcdtris.data = 0x0; 
014A:  MOVLW  0F
014C:  ANDWF  F95,W
014E:  MOVWF  F95
....................   #endif 
....................    lcd_enable_tris(); 
0150:  BCF    F95.0
....................    lcd_rs_tris(); 
0152:  BCF    F95.1
....................    lcd_rw_tris(); 
0154:  BCF    F95.2
....................  #endif 
....................      
....................    delay_ms(15); 
0156:  MOVLW  0F
0158:  MOVWF  1D
015A:  RCALL  0084
....................    for(i=1;i<=3;++i) 
015C:  MOVLW  01
015E:  MOVWF  18
0160:  MOVF   18,W
0162:  SUBLW  03
0164:  BNC   017A
....................    { 
....................        lcd_send_nibble(3); 
0166:  MOVLW  03
0168:  MOVWF  22
016A:  RCALL  009C
....................        delay_ms(5); 
016C:  MOVLW  A6
016E:  MOVWF  00
0170:  DECFSZ 00,F
0172:  BRA    0170
0174:  NOP   
0176:  INCF   18,F
0178:  BRA    0160
....................    } 
....................     
....................    lcd_send_nibble(2); 
017A:  MOVLW  02
017C:  MOVWF  22
017E:  RCALL  009C
....................    delay_ms(5); 
0180:  MOVLW  A6
0182:  MOVWF  00
0184:  DECFSZ 00,F
0186:  BRA    0184
0188:  NOP   
....................    for(i=0;i<=3;++i) 
018A:  CLRF   18
018C:  MOVF   18,W
018E:  SUBLW  03
0190:  BNC   01B0
....................       lcd_send_byte(0,LCD_INIT_STRING[i]); 
0192:  CLRF   03
0194:  MOVF   18,W
0196:  ADDLW  19
0198:  MOVWF  FE9
019A:  MOVLW  00
019C:  ADDWFC 03,W
019E:  MOVWF  FEA
01A0:  MOVFF  FEF,1D
01A4:  CLRF   1F
01A6:  MOVFF  1D,20
01AA:  RCALL  00FA
....................  
....................   #if defined(LCD_EXTENDED_NEWLINE) 
01AC:  INCF   18,F
01AE:  BRA    018C
01B0:  GOTO   0368 (RETURN)
....................    g_LcdX = 0; 
....................    g_LcdY = 0; 
....................   #endif 
.................... } 
....................  
.................... void lcd_gotoxy(unsigned int8 x, unsigned int8 y) 
.................... { 
....................    unsigned int8 address; 
....................     
....................    if(y!=1) 
*
028E:  DECFSZ 1C,W
0290:  BRA    0294
0292:  BRA    029A
....................       address=LCD_LINE_TWO; 
0294:  MOVLW  40
0296:  MOVWF  1D
0298:  BRA    029C
....................    else 
....................       address=0; 
029A:  CLRF   1D
....................       
....................    address+=x-1; 
029C:  MOVLW  01
029E:  SUBWF  1B,W
02A0:  ADDWF  1D,F
....................    lcd_send_byte(0,0x80|address); 
02A2:  MOVF   1D,W
02A4:  IORLW  80
02A6:  MOVWF  1E
02A8:  CLRF   1F
02AA:  MOVWF  20
02AC:  RCALL  00FA
....................  
....................   #if defined(LCD_EXTENDED_NEWLINE) 
02AE:  RETURN 0
....................    g_LcdX = x - 1; 
....................    g_LcdY = y - 1; 
....................   #endif 
.................... } 
....................  
.................... void lcd_putc(char c) 
.................... { 
....................    switch (c) 
02B0:  MOVF   1A,W
02B2:  XORLW  07
02B4:  BZ    02C4
02B6:  XORLW  0B
02B8:  BZ    02CE
02BA:  XORLW  06
02BC:  BZ    02E2
02BE:  XORLW  02
02C0:  BZ    02EE
02C2:  BRA    02F8
....................    { 
....................       case '\a'   :  lcd_gotoxy(1,1);     break; 
02C4:  MOVLW  01
02C6:  MOVWF  1B
02C8:  MOVWF  1C
02CA:  RCALL  028E
02CC:  BRA    0302
....................  
....................       case '\f'   :  lcd_send_byte(0,1); 
02CE:  CLRF   1F
02D0:  MOVLW  01
02D2:  MOVWF  20
02D4:  RCALL  00FA
....................                      delay_ms(2); 
02D6:  MOVLW  42
02D8:  MOVWF  00
02DA:  DECFSZ 00,F
02DC:  BRA    02DA
02DE:  NOP   
....................                     #if defined(LCD_EXTENDED_NEWLINE) 
....................                      g_LcdX = 0; 
....................                      g_LcdY = 0; 
....................                     #endif 
....................                      break; 
02E0:  BRA    0302
....................  
....................      #if defined(LCD_EXTENDED_NEWLINE) 
....................       case '\r'   :  lcd_gotoxy(1, g_LcdY+1);   break; 
....................       case '\n'   : 
....................          while (g_LcdX++ < LCD_LINE_LENGTH) 
....................          { 
....................             lcd_send_byte(1, ' '); 
....................          } 
....................          lcd_gotoxy(1, g_LcdY+2); 
....................          break; 
....................      #else 
....................       case '\n'   : lcd_gotoxy(1,2);        break; 
02E2:  MOVLW  01
02E4:  MOVWF  1B
02E6:  MOVLW  02
02E8:  MOVWF  1C
02EA:  RCALL  028E
02EC:  BRA    0302
....................      #endif 
....................       
....................       case '\b'   : lcd_send_byte(0,0x10);  break; 
02EE:  CLRF   1F
02F0:  MOVLW  10
02F2:  MOVWF  20
02F4:  RCALL  00FA
02F6:  BRA    0302
....................       
....................      #if defined(LCD_EXTENDED_NEWLINE) 
....................       default     :  
....................          if (g_LcdX < LCD_LINE_LENGTH) 
....................          { 
....................             lcd_send_byte(1, c); 
....................             g_LcdX++; 
....................          } 
....................          break; 
....................      #else 
....................       default     : lcd_send_byte(1,c);     break; 
02F8:  MOVLW  01
02FA:  MOVWF  1F
02FC:  MOVFF  1A,20
0300:  RCALL  00FA
....................      #endif 
....................    } 
0302:  RETURN 0
.................... } 
....................   
.................... char lcd_getc(unsigned int8 x, unsigned int8 y) 
.................... { 
....................    char value; 
....................  
....................    lcd_gotoxy(x,y); 
....................    while ( bit_test(lcd_read_byte(),7) ); // wait until busy flag is low 
....................    lcd_output_rs(1); 
....................    value = lcd_read_byte(); 
....................    lcd_output_rs(0); 
....................     
....................    return(value); 
.................... } 
....................  
.................... // write a custom character to the ram 
.................... // which is 0-7 and specifies which character array we are modifying. 
.................... // ptr points to an array of 8 bytes, where each byte is the next row of 
.................... //    pixels.  only bits 0-4 are used.  the last row is the cursor row, and 
.................... //    usually you will want to leave this byte 0x00. 
.................... void lcd_set_cgram_char(unsigned int8 which, unsigned int8 *ptr) 
.................... { 
....................    unsigned int i; 
....................  
....................    which <<= 3; 
....................    which &= 0x38; 
....................  
....................    lcd_send_byte(0, 0x40 | which);  //set cgram address 
....................  
....................    for(i=0; i<8; i++) 
....................    { 
....................       lcd_send_byte(1, *ptr++); 
....................    } 
....................    
....................    #if defined(LCD_EXTENDED_NEWLINE) 
....................     lcd_gotoxy(g_LcdX+1, g_LcdY+1);  //set ddram address 
....................    #endif 
.................... } 
....................  
.................... void lcd_cursor_on(int1 on) 
.................... { 
....................    if (on) 
....................    { 
....................       lcd_send_byte(0,0x0F);           //turn LCD cursor ON 
....................    } 
....................    else 
....................    { 
....................       lcd_send_byte(0,0x0C);           //turn LCD cursor OFF 
....................    } 
.................... } 
....................  
.................... #endif 
....................  
.................... #include <kbd1.c> 
.................... /////////////////////////////////////////////////////////////////////////// 
.................... ////                     KBD_LIB.C by Redraven                         //// 
.................... ////                                                                   //// 
.................... ////                     Derived from KBDD.C                           //// 
.................... ////                  Generic keypad scan driver                       //// 
.................... ////                                                                   //// 
.................... ////  kbd_init()   Must be called before any other function.           //// 
.................... ////                                                                   //// 
.................... ////  c = kbd_getc(c)  Will return a key value if pressed or /0 if not //// 
.................... ////                   This function should be called frequently so as //// 
.................... ////                   not to miss a key press.                        //// 
.................... ////                                                                   //// 
.................... /////////////////////////////////////////////////////////////////////////// 
.................... ////        (C) Copyright 1996,1997 Custom Computer Services            //// 
.................... //// This source code may only be used by licensed users of the CCS C   //// 
.................... //// compiler.  This source code may only be distributed to other       //// 
.................... //// licensed users of the CCS C compiler.  No other use, reproduction  //// 
.................... //// or distribution is permitted without written permission.           //// 
.................... //// Derivative programs created using this software in object code     //// 
.................... //// form are not restricted in any way.                                //// 
.................... //////////////////////////////////////////////////////////////////////////// 
....................  
.................... ////////////////// The following defines the keypad layout on port D 
....................  
.................... // Un-comment the following define to use port B 
.................... #define use_portb_kbd TRUE 
....................  
.................... // Make sure the port used has pull-up resistors (or the LCD) on 
.................... // the column pins 
....................  
....................  
.................... #if defined(__PCH__) 
.................... #if defined use_portb_kbd 
....................    #byte kbd = 0xF81              // This puts the entire structure 
.................... #else 
....................    #byte kbd = 0xF83              // This puts the entire structure 
.................... #endif 
.................... #else 
.................... #if defined use_portb_kbd 
....................    #byte kbd = 6                  // on to port B (at address 6) 
.................... #else 
....................    #byte kbd = 8                  // on to port D (at address 8) 
.................... #endif 
.................... #endif 
....................  
.................... #if defined use_portb_kbd 
....................    #define set_tris_kbd(x) set_tris_b(x) 
.................... #else 
....................    #define set_tris_kbd(x) set_tris_d(x) 
.................... #endif 
....................  
.................... //Keypad connection:   (for example column 0 is B0) 
....................  
.................... #define COL0 (1 << 0) // PIN_B0 
.................... #define COL1 (1 << 1) // PIN_B1 
.................... #define COL2 (1 << 2) // PIN_B2 
.................... #define COL3 (1 << 3) // PIN_B3 
....................  
.................... #define ROW0 (1 << 4) // PIN_B4 
.................... #define ROW1 (1 << 5) // PIN_B5 
.................... #define ROW2 (1 << 6) // PIN_B6 
.................... #define ROW3 (1 << 7) // PIN_B7 
....................  
.................... #define ALL_ROWS (ROW0|ROW1|ROW2|ROW3) 
.................... #define ALL_PINS (ALL_ROWS|COL0|COL1|COL2|COL3) 
....................  
.................... // Keypad layout: 
.................... char const KEYS[4][4] = {{'1','2','3','A'}, 
....................                          {'4','5','6','B'}, 
....................                          {'7','8','9','C'}, 
....................                          {'*','0','#','D'}}; 
....................  
.................... #define KBD_DEBOUNCE_FACTOR 33    // Set this number to apx n/333 where 
....................                                   // n is the number of times you expect 
....................                                   // to call kbd_getc each second 
....................  
.................... void kbd_init() { 
*
01B4:  GOTO   036A (RETURN)
.................... } 
....................  
.................... char kbd_getc( ) { 
....................    static byte kbd_call_count; 
....................    static short int kbd_down; 
....................    static char last_key; 
....................    static byte col; 
....................  
....................    byte kchar; 
....................    byte row; 
....................  
....................    kchar='\0'; 
01B8:  CLRF   18
....................    if(++kbd_call_count>KBD_DEBOUNCE_FACTOR) { 
01BA:  INCF   04,F
01BC:  MOVF   04,W
01BE:  SUBLW  21
01C0:  BC    0262
....................        switch (col) { 
01C2:  MOVF   07,W
01C4:  ADDLW  FC
01C6:  BC    01EC
01C8:  ADDLW  04
01CA:  GOTO   026C
....................          case 0   : set_tris_kbd(ALL_PINS&~COL0); 
01CE:  MOVLW  FE
01D0:  MOVWF  F93
....................                     kbd=~COL0&ALL_PINS; 
01D2:  MOVWF  F81
....................                     break; 
01D4:  BRA    01EC
....................          case 1   : set_tris_kbd(ALL_PINS&~COL1); 
01D6:  MOVLW  FD
01D8:  MOVWF  F93
....................                     kbd=~COL1&ALL_PINS; 
01DA:  MOVWF  F81
....................                     break; 
01DC:  BRA    01EC
....................          case 2   : set_tris_kbd(ALL_PINS&~COL2); 
01DE:  MOVLW  FB
01E0:  MOVWF  F93
....................                     kbd=~COL2&ALL_PINS; 
01E2:  MOVWF  F81
....................                     break; 
01E4:  BRA    01EC
....................          case 3   : set_tris_kbd(ALL_PINS&~COL3); 
01E6:  MOVLW  F7
01E8:  MOVWF  F93
....................                     kbd=~COL3&ALL_PINS; 
01EA:  MOVWF  F81
....................                     break; 
....................        } 
....................  
....................        if(kbd_down) { 
01EC:  BTFSS  05.0
01EE:  BRA    0202
....................          if((kbd & (ALL_ROWS))==(ALL_ROWS)) { 
01F0:  MOVF   F81,W
01F2:  ANDLW  F0
01F4:  SUBLW  F0
01F6:  BNZ   0200
....................            kbd_down=false; 
01F8:  BCF    05.0
....................            kchar=last_key; 
01FA:  MOVFF  06,18
....................            last_key='\0'; 
01FE:  CLRF   06
....................          } 
....................        } else { 
0200:  BRA    0260
....................           if((kbd & (ALL_ROWS))!=(ALL_ROWS)) { 
0202:  MOVF   F81,W
0204:  ANDLW  F0
0206:  SUBLW  F0
0208:  BZ    0256
....................              if((kbd & ROW0)==0) 
020A:  MOVF   F81,W
020C:  ANDLW  10
020E:  BNZ   0214
....................                row=0; 
0210:  CLRF   19
0212:  BRA    0236
....................              else if((kbd & ROW1)==0) 
0214:  MOVF   F81,W
0216:  ANDLW  20
0218:  BNZ   0220
....................                row=1; 
021A:  MOVLW  01
021C:  MOVWF  19
021E:  BRA    0236
....................              else if((kbd & ROW2)==0) 
0220:  MOVF   F81,W
0222:  ANDLW  40
0224:  BNZ   022C
....................                row=2; 
0226:  MOVLW  02
0228:  MOVWF  19
022A:  BRA    0236
....................              else if((kbd & ROW3)==0) 
022C:  MOVF   F81,W
022E:  ANDLW  80
0230:  BNZ   0236
....................                row=3; 
0232:  MOVLW  03
0234:  MOVWF  19
....................              last_key =KEYS[row][col]; 
0236:  MOVF   19,W
0238:  MULLW  04
023A:  MOVF   FF3,W
023C:  CLRF   1B
023E:  MOVWF  1A
0240:  CLRF   03
0242:  MOVF   07,W
0244:  ADDWF  1A,W
0246:  MOVWF  01
0248:  MOVF   1B,W
024A:  ADDWFC 03,F
024C:  MOVF   01,W
024E:  RCALL  0004
0250:  MOVWF  06
....................              kbd_down = true; 
0252:  BSF    05.0
....................           } else { 
0254:  BRA    0260
....................              ++col; 
0256:  INCF   07,F
....................              if(col==4) 
0258:  MOVF   07,W
025A:  SUBLW  04
025C:  BNZ   0260
....................                col=0; 
025E:  CLRF   07
....................           } 
....................        } 
....................       kbd_call_count=0; 
0260:  CLRF   04
....................    } 
....................   set_tris_kbd(ALL_PINS); 
0262:  MOVLW  FF
0264:  MOVWF  F93
....................   return(kchar); 
0266:  MOVFF  18,01
026A:  RETURN 0
.................... } 
....................  
....................  
....................    int x=1; 
....................    INT t; 
....................    int i,y; 
....................    char k; 
....................    char c[] = {'0','1','9','9','8'}; //arreglo con la contraseña de nuestra cerradura  
....................    char d[] = {"00000"}; 
....................     
....................     
....................   void main() 
*
0324:  CLRF   FF8
0326:  BCF    FD0.7
0328:  MOVLW  01
032A:  MOVWF  08
032C:  MOVF   FC1,W
032E:  ANDLW  C0
0330:  IORLW  0F
0332:  MOVWF  FC1
0334:  MOVLW  07
0336:  MOVWF  FB4
0338:  BCF    05.0
033A:  CLRF   04
033C:  BCF    05.0
033E:  CLRF   06
0340:  CLRF   07
0342:  MOVLW  30
0344:  MOVWF  0D
0346:  MOVLW  31
0348:  MOVWF  0E
034A:  MOVLW  39
034C:  MOVWF  0F
034E:  MOVWF  10
0350:  MOVLW  38
0352:  MOVWF  11
0354:  MOVLW  30
0356:  MOVWF  12
0358:  MOVWF  13
035A:  MOVWF  14
035C:  MOVWF  15
035E:  MOVWF  16
0360:  CLRF   17
....................   { 
....................    
....................        set_tris_A(0x00); //declarar el puerto A como salida  
0362:  MOVLW  00
0364:  MOVWF  F92
....................        lcd_init(); //iniciar el lcd  
0366:  BRA    0134
....................        kbd_init(); //iniciar el teclado matricial  
0368:  BRA    01B4
....................        port_b_pullups(true); 
036A:  BCF    FF1.7
....................         
....................        do 
....................        { 
....................          k = kbd_getc();  //valor del teclado matricial  
036C:  RCALL  01B8
036E:  MOVFF  01,0C
....................          t = k-48; 
0372:  MOVLW  30
0374:  SUBWF  0C,W
0376:  MOVWF  09
....................          lcd_gotoxy(1,1); 
0378:  MOVLW  01
037A:  MOVWF  1B
037C:  MOVWF  1C
037E:  RCALL  028E
....................          printf(lcd_putc,"INGRESE LA CLAVE: "); 
0380:  MOVLW  3A
0382:  MOVWF  FF6
0384:  MOVLW  00
0386:  MOVWF  FF7
0388:  RCALL  0304
....................          output_A(0x02);     //sistema apagado 
038A:  CLRF   F92
038C:  MOVLW  02
038E:  MOVWF  F89
....................           
....................          if((k!=0)&&(k!='#')&&(k!='*') ) 
0390:  MOVF   0C,F
0392:  BZ    03C4
0394:  MOVF   0C,W
0396:  SUBLW  23
0398:  BZ    03C4
039A:  MOVF   0C,W
039C:  SUBLW  2A
039E:  BZ    03C4
....................          { 
....................             lcd_gotoxy(x,2); 
03A0:  MOVFF  08,1B
03A4:  MOVLW  02
03A6:  MOVWF  1C
03A8:  RCALL  028E
....................             printf(lcd_putc, "%c",k); 
03AA:  MOVFF  0C,1A
03AE:  RCALL  02B0
....................             d[x]=k; 
03B0:  CLRF   03
03B2:  MOVF   08,W
03B4:  ADDLW  12
03B6:  MOVWF  FE9
03B8:  MOVLW  00
03BA:  ADDWFC 03,W
03BC:  MOVWF  FEA
03BE:  MOVFF  0C,FEF
....................             x++; 
03C2:  INCF   08,F
....................          } 
....................          if((k!=0)&&(k=='*')) 
03C4:  MOVF   0C,F
03C6:  BTFSC  FD8.2
03C8:  BRA    04AA
03CA:  MOVF   0C,W
03CC:  SUBLW  2A
03CE:  BTFSS  FD8.2
03D0:  BRA    04AA
....................          { 
....................             i = 0; 
03D2:  CLRF   0A
....................             for(i=0;i<5;i++) 
03D4:  CLRF   0A
03D6:  MOVF   0A,W
03D8:  SUBLW  04
03DA:  BNC   0408
....................             { 
....................                 
....................                if(d[i]!=c[i]) 
03DC:  CLRF   03
03DE:  MOVF   0A,W
03E0:  ADDLW  12
03E2:  MOVWF  FE9
03E4:  MOVLW  00
03E6:  ADDWFC 03,W
03E8:  MOVWF  FEA
03EA:  MOVFF  FEF,18
03EE:  CLRF   03
03F0:  MOVF   0A,W
03F2:  ADDLW  0D
03F4:  MOVWF  FE9
03F6:  MOVLW  00
03F8:  ADDWFC 03,W
03FA:  MOVWF  FEA
03FC:  MOVF   FEF,W
03FE:  SUBWF  18,W
0400:  BZ    0404
....................                { 
....................                   break; 
0402:  BRA    0408
....................                } 
0404:  INCF   0A,F
0406:  BRA    03D6
....................              
....................             } 
....................             if (i==5) 
0408:  MOVF   0A,W
040A:  SUBLW  05
040C:  BNZ   0464
....................             { 
....................                do 
....................                { 
....................                   k = kbd_getc(); 
040E:  RCALL  01B8
0410:  MOVFF  01,0C
....................                   lcd_gotoxy(1,2); 
0414:  MOVLW  01
0416:  MOVWF  1B
0418:  MOVLW  02
041A:  MOVWF  1C
041C:  RCALL  028E
....................                   printf(lcd_putc, "ClAVE CORRECTA"); 
041E:  MOVLW  4E
0420:  MOVWF  FF6
0422:  MOVLW  00
0424:  MOVWF  FF7
0426:  RCALL  0304
....................                   output_A(0x01); 
0428:  CLRF   F92
042A:  MOVLW  01
042C:  MOVWF  F89
....................                   y = 0; 
042E:  CLRF   0B
....................                }while(k!='*'); 
0430:  MOVF   0C,W
0432:  SUBLW  2A
0434:  BNZ   040E
....................                 
....................                x = 1; 
0436:  MOVLW  01
0438:  MOVWF  08
....................                d = "00000"; 
043A:  CLRF   FEA
043C:  MOVLW  12
043E:  MOVWF  FE9
0440:  MOVLW  00
0442:  RCALL  0024
0444:  TBLRD*-
0446:  TBLRD*+
0448:  MOVF   FF5,W
044A:  MOVWF  FEE
044C:  IORLW  00
044E:  BNZ   0446
....................                i = 0; 
0450:  CLRF   0A
....................                printf(lcd_putc, "\f"); 
0452:  MOVLW  0C
0454:  MOVWF  1A
0456:  RCALL  02B0
....................                delay_ms(5); //50 
0458:  MOVLW  A6
045A:  MOVWF  00
045C:  DECFSZ 00,F
045E:  BRA    045C
0460:  NOP   
....................              
....................          } 
0462:  BRA    04AA
....................          else 
....................          { 
....................              lcd_gotoxy(1,2); 
0464:  MOVLW  01
0466:  MOVWF  1B
0468:  MOVLW  02
046A:  MOVWF  1C
046C:  RCALL  028E
....................              printf(lcd_putc, "ClAVE INCORRECTA"); 
046E:  MOVLW  5E
0470:  MOVWF  FF6
0472:  MOVLW  00
0474:  MOVWF  FF7
0476:  RCALL  0304
....................              delay_ms(600); 
0478:  MOVLW  03
047A:  MOVWF  18
047C:  MOVLW  C8
047E:  MOVWF  1D
0480:  RCALL  0084
0482:  DECFSZ 18,F
0484:  BRA    047C
....................              x = 1; 
0486:  MOVLW  01
0488:  MOVWF  08
....................              y++; 
048A:  INCF   0B,F
....................              d = "00000"; 
048C:  CLRF   FEA
048E:  MOVLW  12
0490:  MOVWF  FE9
0492:  MOVLW  00
0494:  RCALL  0024
0496:  TBLRD*-
0498:  TBLRD*+
049A:  MOVF   FF5,W
049C:  MOVWF  FEE
049E:  IORLW  00
04A0:  BNZ   0498
....................              i = 0; 
04A2:  CLRF   0A
....................              printf(lcd_putc, "\f"); 
04A4:  MOVLW  0C
04A6:  MOVWF  1A
04A8:  RCALL  02B0
....................          } 
....................          } 
....................          if((k!=0)&&(k=='#')) 
04AA:  MOVF   0C,F
04AC:  BZ    04D8
04AE:  MOVF   0C,W
04B0:  SUBLW  23
04B2:  BNZ   04D8
....................          { 
....................             x--; 
04B4:  DECF   08,F
....................             d[x] = '0'; 
04B6:  CLRF   03
04B8:  MOVF   08,W
04BA:  ADDLW  12
04BC:  MOVWF  FE9
04BE:  MOVLW  00
04C0:  ADDWFC 03,W
04C2:  MOVWF  FEA
04C4:  MOVLW  30
04C6:  MOVWF  FEF
....................             lcd_gotoxy(x,2); 
04C8:  MOVFF  08,1B
04CC:  MOVLW  02
04CE:  MOVWF  1C
04D0:  RCALL  028E
....................             printf(lcd_putc, " "); 
04D2:  MOVLW  20
04D4:  MOVWF  1A
04D6:  RCALL  02B0
....................          } 
....................           
....................          if(x==0) 
04D8:  MOVF   08,F
04DA:  BNZ   04E0
....................          { 
....................             x = 1; 
04DC:  MOVLW  01
04DE:  MOVWF  08
....................          } 
....................           
....................          //bloqueo del sistema por maximo numero de intentos  
....................           
....................          if (y==3) 
04E0:  MOVF   0B,W
04E2:  SUBLW  03
04E4:  BNZ   04FC
....................          { 
....................            do 
....................            { 
....................                printf(lcd_putc, "\fSISTEMA BLOQUEADO"); 
04E6:  MOVLW  70
04E8:  MOVWF  FF6
04EA:  MOVLW  00
04EC:  MOVWF  FF7
04EE:  RCALL  0304
....................                delay_ms(5); //50 
04F0:  MOVLW  A6
04F2:  MOVWF  00
04F4:  DECFSZ 00,F
04F6:  BRA    04F4
04F8:  NOP   
....................            }while(true); 
04FA:  BRA    04E6
....................              
....................          } 
....................           
....................        }while(true); 
04FC:  BRA    036C
....................    
....................     
....................    
....................   } 
....................    
04FE:  SLEEP 

Configuration Fuses:
   Word  1: CC3F   PLL12 CPUDIV4 USBDIV HS FCMEN IESO
   Word  2: 1E3E   PUT BROWNOUT BORV21 VREGEN NOWDT WDT32768
   Word  3: 8700   CCP2C1 PBADEN LPT1OSC MCLR
   Word  4: 00A1   STVREN NOLVP ICSP2 NOXINST NODEBUG
   Word  5: C00F   NOPROTECT NOCPB NOCPD
   Word  6: E00F   NOWRT NOWRTC NOWRTB NOWRTD
   Word  7: 400F   NOEBTR NOEBTRB
